2024-07-02 20:24:36.774  INFO 14240 --- [main] c.e.P.ProductCategoryApplicationTests    : Starting ProductCategoryApplicationTests using Java 18.0.2.1 on Prajakta-Thorat with PID 14240 (started by PRAJAKTA-THORAT$ in C:\Users\Admin\Downloads\ProductCategory\ProductCategory)
2024-07-02 20:24:36.781  INFO 14240 --- [main] c.e.P.ProductCategoryApplicationTests    : No active profile set, falling back to 1 default profile: "default"
2024-07-02 20:24:37.740  INFO 14240 --- [main] .s.d.r.c.RepositoryConfigurationDelegate : Bootstrapping Spring Data JPA repositories in DEFAULT mode.
2024-07-02 20:24:37.824  INFO 14240 --- [main] .s.d.r.c.RepositoryConfigurationDelegate : Finished Spring Data repository scanning in 73 ms. Found 1 JPA repository interfaces.
2024-07-02 20:24:39.116  INFO 14240 --- [main] o.hibernate.jpa.internal.util.LogHelper  : HHH000204: Processing PersistenceUnitInfo [name: default]
2024-07-02 20:24:39.236  INFO 14240 --- [main] org.hibernate.Version                    : HHH000412: Hibernate ORM core version 5.6.15.Final
2024-07-02 20:24:39.748  INFO 14240 --- [main] o.hibernate.annotations.common.Version   : HCANN000001: Hibernate Commons Annotations {5.1.2.Final}
2024-07-02 20:24:40.144  INFO 14240 --- [main] com.zaxxer.hikari.HikariDataSource       : HikariPool-1 - Starting...
2024-07-02 20:24:41.031  INFO 14240 --- [main] com.zaxxer.hikari.HikariDataSource       : HikariPool-1 - Start completed.
2024-07-02 20:24:41.064  INFO 14240 --- [main] org.hibernate.dialect.Dialect            : HHH000400: Using dialect: org.hibernate.dialect.MySQL8Dialect
2024-07-02 20:24:42.792  INFO 14240 --- [main] o.h.e.t.j.p.i.JtaPlatformInitiator       : HHH000490: Using JtaPlatform implementation: [org.hibernate.engine.transaction.jta.platform.internal.NoJtaPlatform]
2024-07-02 20:24:42.805  INFO 14240 --- [main] j.LocalContainerEntityManagerFactoryBean : Initialized JPA EntityManagerFactory for persistence unit 'default'
2024-07-02 20:24:44.006  WARN 14240 --- [main] JpaBaseConfiguration$JpaWebConfiguration : spring.jpa.open-in-view is enabled by default. Therefore, database queries may be performed during view rendering. Explicitly configure spring.jpa.open-in-view to disable this warning
2024-07-02 20:24:45.244  INFO 14240 --- [main] c.e.P.ProductCategoryApplicationTests    : Started ProductCategoryApplicationTests in 8.942 seconds (JVM running for 10.317)
2024-07-02 20:24:45.726  INFO 14240 --- [SpringApplicationShutdownHook] j.LocalContainerEntityManagerFactoryBean : Closing JPA EntityManagerFactory for persistence unit 'default'
2024-07-02 20:24:45.735  INFO 14240 --- [SpringApplicationShutdownHook] com.zaxxer.hikari.HikariDataSource       : HikariPool-1 - Shutdown initiated...
2024-07-02 20:24:45.754  INFO 14240 --- [SpringApplicationShutdownHook] com.zaxxer.hikari.HikariDataSource       : HikariPool-1 - Shutdown completed.
2024-07-02 20:29:42.927  INFO 14344 --- [main] c.e.P.ProductCategoryApplicationTests    : Starting ProductCategoryApplicationTests using Java 18.0.2.1 on Prajakta-Thorat with PID 14344 (started by PRAJAKTA-THORAT$ in C:\Users\Admin\Downloads\ProductCategory\ProductCategory)
2024-07-02 20:29:42.928  INFO 14344 --- [main] c.e.P.ProductCategoryApplicationTests    : No active profile set, falling back to 1 default profile: "default"
2024-07-02 20:29:43.884  INFO 14344 --- [main] .s.d.r.c.RepositoryConfigurationDelegate : Bootstrapping Spring Data JPA repositories in DEFAULT mode.
2024-07-02 20:29:43.992  INFO 14344 --- [main] .s.d.r.c.RepositoryConfigurationDelegate : Finished Spring Data repository scanning in 88 ms. Found 1 JPA repository interfaces.
2024-07-02 20:29:45.128  INFO 14344 --- [main] o.hibernate.jpa.internal.util.LogHelper  : HHH000204: Processing PersistenceUnitInfo [name: default]
2024-07-02 20:29:45.243  INFO 14344 --- [main] org.hibernate.Version                    : HHH000412: Hibernate ORM core version 5.6.15.Final
2024-07-02 20:29:45.651  INFO 14344 --- [main] o.hibernate.annotations.common.Version   : HCANN000001: Hibernate Commons Annotations {5.1.2.Final}
2024-07-02 20:29:46.052  INFO 14344 --- [main] com.zaxxer.hikari.HikariDataSource       : HikariPool-1 - Starting...
2024-07-02 20:29:46.862  INFO 14344 --- [main] com.zaxxer.hikari.HikariDataSource       : HikariPool-1 - Start completed.
2024-07-02 20:29:46.895  INFO 14344 --- [main] org.hibernate.dialect.Dialect            : HHH000400: Using dialect: org.hibernate.dialect.MySQL8Dialect
2024-07-02 20:29:48.660  INFO 14344 --- [main] o.h.e.t.j.p.i.JtaPlatformInitiator       : HHH000490: Using JtaPlatform implementation: [org.hibernate.engine.transaction.jta.platform.internal.NoJtaPlatform]
2024-07-02 20:29:48.680  INFO 14344 --- [main] j.LocalContainerEntityManagerFactoryBean : Initialized JPA EntityManagerFactory for persistence unit 'default'
2024-07-02 20:29:50.090  WARN 14344 --- [main] JpaBaseConfiguration$JpaWebConfiguration : spring.jpa.open-in-view is enabled by default. Therefore, database queries may be performed during view rendering. Explicitly configure spring.jpa.open-in-view to disable this warning
2024-07-02 20:29:51.776  INFO 14344 --- [main] c.e.P.ProductCategoryApplicationTests    : Started ProductCategoryApplicationTests in 9.258 seconds (JVM running for 11.126)
2024-07-02 20:29:52.454  INFO 14344 --- [SpringApplicationShutdownHook] j.LocalContainerEntityManagerFactoryBean : Closing JPA EntityManagerFactory for persistence unit 'default'
2024-07-02 20:29:52.458  INFO 14344 --- [SpringApplicationShutdownHook] com.zaxxer.hikari.HikariDataSource       : HikariPool-1 - Shutdown initiated...
2024-07-02 20:29:52.487  INFO 14344 --- [SpringApplicationShutdownHook] com.zaxxer.hikari.HikariDataSource       : HikariPool-1 - Shutdown completed.
2024-07-02 20:36:11.995  INFO 7976 --- [main] c.e.P.ProductCategoryApplicationTests    : Starting ProductCategoryApplicationTests using Java 18.0.2.1 on Prajakta-Thorat with PID 7976 (started by PRAJAKTA-THORAT$ in C:\Users\Admin\Downloads\ProductCategory\ProductCategory)
2024-07-02 20:36:11.997  INFO 7976 --- [main] c.e.P.ProductCategoryApplicationTests    : No active profile set, falling back to 1 default profile: "default"
2024-07-02 20:36:12.941  INFO 7976 --- [main] .s.d.r.c.RepositoryConfigurationDelegate : Bootstrapping Spring Data JPA repositories in DEFAULT mode.
2024-07-02 20:36:12.993  INFO 7976 --- [main] .s.d.r.c.RepositoryConfigurationDelegate : Finished Spring Data repository scanning in 45 ms. Found 1 JPA repository interfaces.
2024-07-02 20:36:14.230  INFO 7976 --- [main] o.hibernate.jpa.internal.util.LogHelper  : HHH000204: Processing PersistenceUnitInfo [name: default]
2024-07-02 20:36:14.370  INFO 7976 --- [main] org.hibernate.Version                    : HHH000412: Hibernate ORM core version 5.6.15.Final
2024-07-02 20:36:14.810  INFO 7976 --- [main] o.hibernate.annotations.common.Version   : HCANN000001: Hibernate Commons Annotations {5.1.2.Final}
2024-07-02 20:36:15.261  INFO 7976 --- [main] com.zaxxer.hikari.HikariDataSource       : HikariPool-1 - Starting...
2024-07-02 20:36:16.150  INFO 7976 --- [main] com.zaxxer.hikari.HikariDataSource       : HikariPool-1 - Start completed.
2024-07-02 20:36:16.170  INFO 7976 --- [main] org.hibernate.dialect.Dialect            : HHH000400: Using dialect: org.hibernate.dialect.MySQL8Dialect
2024-07-02 20:36:17.844  INFO 7976 --- [main] o.h.e.t.j.p.i.JtaPlatformInitiator       : HHH000490: Using JtaPlatform implementation: [org.hibernate.engine.transaction.jta.platform.internal.NoJtaPlatform]
2024-07-02 20:36:17.861  INFO 7976 --- [main] j.LocalContainerEntityManagerFactoryBean : Initialized JPA EntityManagerFactory for persistence unit 'default'
2024-07-02 20:36:19.013  WARN 7976 --- [main] JpaBaseConfiguration$JpaWebConfiguration : spring.jpa.open-in-view is enabled by default. Therefore, database queries may be performed during view rendering. Explicitly configure spring.jpa.open-in-view to disable this warning
2024-07-02 20:36:20.117  INFO 7976 --- [main] c.e.P.ProductCategoryApplicationTests    : Started ProductCategoryApplicationTests in 8.578 seconds (JVM running for 10.039)
2024-07-02 20:36:20.560  INFO 7976 --- [SpringApplicationShutdownHook] j.LocalContainerEntityManagerFactoryBean : Closing JPA EntityManagerFactory for persistence unit 'default'
2024-07-02 20:36:20.567  INFO 7976 --- [SpringApplicationShutdownHook] com.zaxxer.hikari.HikariDataSource       : HikariPool-1 - Shutdown initiated...
2024-07-02 20:36:20.632  INFO 7976 --- [SpringApplicationShutdownHook] com.zaxxer.hikari.HikariDataSource       : HikariPool-1 - Shutdown completed.
2024-07-02 20:40:12.531  INFO 12352 --- [main] c.e.P.ProductCategoryApplicationTests    : Starting ProductCategoryApplicationTests using Java 18.0.2.1 on Prajakta-Thorat with PID 12352 (started by PRAJAKTA-THORAT$ in C:\Users\Admin\Downloads\ProductCategory\ProductCategory)
2024-07-02 20:40:12.532  INFO 12352 --- [main] c.e.P.ProductCategoryApplicationTests    : No active profile set, falling back to 1 default profile: "default"
2024-07-02 20:40:13.313  INFO 12352 --- [main] .s.d.r.c.RepositoryConfigurationDelegate : Bootstrapping Spring Data JPA repositories in DEFAULT mode.
2024-07-02 20:40:13.375  INFO 12352 --- [main] .s.d.r.c.RepositoryConfigurationDelegate : Finished Spring Data repository scanning in 48 ms. Found 1 JPA repository interfaces.
2024-07-02 20:40:14.199  INFO 12352 --- [main] o.hibernate.jpa.internal.util.LogHelper  : HHH000204: Processing PersistenceUnitInfo [name: default]
2024-07-02 20:40:14.299  INFO 12352 --- [main] org.hibernate.Version                    : HHH000412: Hibernate ORM core version 5.6.15.Final
2024-07-02 20:40:14.713  INFO 12352 --- [main] o.hibernate.annotations.common.Version   : HCANN000001: Hibernate Commons Annotations {5.1.2.Final}
2024-07-02 20:40:15.085  INFO 12352 --- [main] com.zaxxer.hikari.HikariDataSource       : HikariPool-1 - Starting...
2024-07-02 20:40:15.790  INFO 12352 --- [main] com.zaxxer.hikari.HikariDataSource       : HikariPool-1 - Start completed.
2024-07-02 20:40:15.809  INFO 12352 --- [main] org.hibernate.dialect.Dialect            : HHH000400: Using dialect: org.hibernate.dialect.MySQL8Dialect
2024-07-02 20:40:17.298  INFO 12352 --- [main] o.h.e.t.j.p.i.JtaPlatformInitiator       : HHH000490: Using JtaPlatform implementation: [org.hibernate.engine.transaction.jta.platform.internal.NoJtaPlatform]
2024-07-02 20:40:17.315  INFO 12352 --- [main] j.LocalContainerEntityManagerFactoryBean : Initialized JPA EntityManagerFactory for persistence unit 'default'
2024-07-02 20:40:18.423  WARN 12352 --- [main] JpaBaseConfiguration$JpaWebConfiguration : spring.jpa.open-in-view is enabled by default. Therefore, database queries may be performed during view rendering. Explicitly configure spring.jpa.open-in-view to disable this warning
2024-07-02 20:40:19.599  INFO 12352 --- [main] c.e.P.ProductCategoryApplicationTests    : Started ProductCategoryApplicationTests in 7.486 seconds (JVM running for 8.549)
2024-07-02 20:40:19.973  INFO 12352 --- [SpringApplicationShutdownHook] j.LocalContainerEntityManagerFactoryBean : Closing JPA EntityManagerFactory for persistence unit 'default'
2024-07-02 20:40:19.977  INFO 12352 --- [SpringApplicationShutdownHook] com.zaxxer.hikari.HikariDataSource       : HikariPool-1 - Shutdown initiated...
2024-07-02 20:40:19.997  INFO 12352 --- [SpringApplicationShutdownHook] com.zaxxer.hikari.HikariDataSource       : HikariPool-1 - Shutdown completed.
2024-07-02 21:23:35.662  INFO 15112 --- [main] c.e.P.ProductCategoryApplicationTests    : Starting ProductCategoryApplicationTests using Java 18.0.2.1 on Prajakta-Thorat with PID 15112 (started by PRAJAKTA-THORAT$ in C:\Users\Admin\Downloads\ProductCategory\ProductCategory)
2024-07-02 21:23:35.666  INFO 15112 --- [main] c.e.P.ProductCategoryApplicationTests    : No active profile set, falling back to 1 default profile: "default"
2024-07-02 21:23:37.462  INFO 15112 --- [main] .s.d.r.c.RepositoryConfigurationDelegate : Bootstrapping Spring Data JPA repositories in DEFAULT mode.
2024-07-02 21:23:37.616  INFO 15112 --- [main] .s.d.r.c.RepositoryConfigurationDelegate : Finished Spring Data repository scanning in 125 ms. Found 1 JPA repository interfaces.
2024-07-02 21:23:39.244  INFO 15112 --- [main] o.hibernate.jpa.internal.util.LogHelper  : HHH000204: Processing PersistenceUnitInfo [name: default]
2024-07-02 21:23:39.427  INFO 15112 --- [main] org.hibernate.Version                    : HHH000412: Hibernate ORM core version 5.6.15.Final
2024-07-02 21:23:40.028  INFO 15112 --- [main] o.hibernate.annotations.common.Version   : HCANN000001: Hibernate Commons Annotations {5.1.2.Final}
2024-07-02 21:23:40.552  INFO 15112 --- [main] com.zaxxer.hikari.HikariDataSource       : HikariPool-1 - Starting...
2024-07-02 21:23:41.712  INFO 15112 --- [main] com.zaxxer.hikari.HikariDataSource       : HikariPool-1 - Start completed.
2024-07-02 21:23:41.758  INFO 15112 --- [main] org.hibernate.dialect.Dialect            : HHH000400: Using dialect: org.hibernate.dialect.MySQL8Dialect
2024-07-02 21:23:44.009  INFO 15112 --- [main] o.h.e.t.j.p.i.JtaPlatformInitiator       : HHH000490: Using JtaPlatform implementation: [org.hibernate.engine.transaction.jta.platform.internal.NoJtaPlatform]
2024-07-02 21:23:44.022  INFO 15112 --- [main] j.LocalContainerEntityManagerFactoryBean : Initialized JPA EntityManagerFactory for persistence unit 'default'
2024-07-02 21:23:45.451  WARN 15112 --- [main] JpaBaseConfiguration$JpaWebConfiguration : spring.jpa.open-in-view is enabled by default. Therefore, database queries may be performed during view rendering. Explicitly configure spring.jpa.open-in-view to disable this warning
2024-07-02 21:23:46.935  INFO 15112 --- [main] c.e.P.ProductCategoryApplicationTests    : Started ProductCategoryApplicationTests in 11.816 seconds (JVM running for 14.272)
2024-07-02 21:23:47.485  INFO 15112 --- [SpringApplicationShutdownHook] j.LocalContainerEntityManagerFactoryBean : Closing JPA EntityManagerFactory for persistence unit 'default'
2024-07-02 21:23:47.497  INFO 15112 --- [SpringApplicationShutdownHook] com.zaxxer.hikari.HikariDataSource       : HikariPool-1 - Shutdown initiated...
2024-07-02 21:23:47.533  INFO 15112 --- [SpringApplicationShutdownHook] com.zaxxer.hikari.HikariDataSource       : HikariPool-1 - Shutdown completed.
